    com.jiuai.activity.GoodsReleaseActivity2_Phone: 2 starts, 0-250ms=1
    com.jiuai.activity.GoodsReleaseCategory: 3 starts, 0-250ms=2, 500-750ms=1
    com.jiuai.activity.MainActivity: 3 starts
    com.jiuai.activity.GoodsReleaseActivity2_Luxury: 2 starts, 250-500ms=1
    com.jiuai.activity.MyPublishedActivity: 2 starts, 500-750ms=1
    com.jiuai.activity.GoodsReleaseActivity: 8 starts, 500-750ms=1, 1000-1500ms=1
    com.jiuai.activity.ChoiceBrandActivity: 2 starts, 250-500ms=2
    com.jiuai.activity.AttributeSpecActivity: 8 starts, 0-250ms=5, 250-500ms=3
    com.jiuai.activity.GoodsDetailActivity: 87 starts, 0-250ms=1, 250-500ms=38, 500-750ms=12, 750-1000ms=2, 1000-1500ms=1
    com.jiuai.activity.OrderMessageListActivity: 10 starts, 0-250ms=1, 250-500ms=4
    com.jiuai.activity.GoodsReleaseCategory: 6 starts, 0-250ms=4, 250-500ms=2
    com.jiuai.activity.AddOrEditAddressActivity: 2 starts, 0-250ms=1, 250-500ms=1
    com.jiuai.activity.MyWalletActivity: 4 starts, 250-500ms=2
    com.jiuai.activity.FollowMessageActivity: 2 starts, 0-250ms=1, 250-500ms=1
    com.jiuai.activity.MainActivity: 194 starts, 250-500ms=1, 500-750ms=1, 750-1000ms=5, 1000-1500ms=7, 1500-2000ms=6
    com.jiuai.activity.GoodsListActivity: 14 starts, 250-500ms=5, 500-750ms=1
    com.jiuai.activity.AuthenticationActivity: 1 starts, 250-500ms=1
    com.jiuai.activity.ApplyRefundActivity: 2 starts, 0-250ms=2
    com.jiuai.activity.SettingActivity: 13 starts, 0-250ms=7, 250-500ms=5
    com.jiuai.activity.PrivateChatActivity: 1 starts, 0-250ms=1
    com.jiuai.activity.ReceiptAddressActivity: 17 starts, 0-250ms=7, 250-500ms=8
    com.jiuai.activity.RefundDetailActivity: 8 starts, 0-250ms=3, 250-500ms=3
    com.jiuai.activity.ApplyRefundTwoActivity: 3 starts, 0-250ms=2, 250-500ms=1
    com.jiuai.activity.GoodsSecondClassificationActivity: 2 starts, 0-250ms=2
    com.jiuai.activity.PersonalProfileActivity: 7 starts, 250-500ms=5
    com.jiuai.activity.MySoldActivity: 20 starts, 0-250ms=2, 250-500ms=8
    com.jiuai.activity.ManageAddressActivity: 2 starts, 250-500ms=1
    com.jiuai.activity.MyPublishedActivity: 36 starts, 250-500ms=9, 500-750ms=13, 750-1000ms=2, 1500-2000ms=1
    com.jiuai.activity.GoodsMessageActivity: 9 starts, 0-250ms=3, 250-500ms=4
    com.jiuai.activity.LoginActivity: 30 starts, 0-250ms=15, 250-500ms=11, 500-750ms=1
    com.jiuai.activity.MyPurchaseActivity: 16 starts, 0-250ms=2, 250-500ms=6
    com.jiuai.activity.PersonalHomepageActivity: 34 starts, 250-500ms=7, 500-750ms=15
    com.jiuai.activity.VideoPlayActivity: 7 starts, 0-250ms=7
    com.jiuai.activity.MyLikeGoodsActivity: 12 starts, 0-250ms=2, 250-500ms=2
    com.jiuai.activity.GoodsSearchActivity: 9 starts, 0-250ms=9
    com.jiuai.activity.CouponListActivity: 1 starts, 500-750ms=1
    com.jiuai.activity.GuidePageActivity: 5 starts, 250-500ms=4, 750-1000ms=1
    com.jiuai.activity.EditAlipayAccountActivity: 1 starts, 0-250ms=1
    com.jiuai.activity.RegisterOneActivity: 3 starts, 0-250ms=1, 250-500ms=2
    com.jiuai.activity.EditOrderPriceActivity: 2 starts, 0-250ms=2
    com.jiuai.activity.GoodsReleaseActivity: 70 starts, 0-250ms=2, 250-500ms=4, 500-750ms=6, 750-1000ms=3, 1000-1500ms=1
    com.jiuai.activity.ExplainActivity: 1 starts, 0-250ms=1
    com.jiuai.activity.ConfirmOrderActivity: 23 starts, 250-500ms=5, 500-750ms=1
    com.jiuai.activity.HtmlActivity: 9 starts, 0-250ms=2, 250-500ms=5, 500-750ms=2
    com.jiuai.activity.PayActivity: 8 starts, 0-250ms=4, 250-500ms=2, 1000-1500ms=1
    com.jiuai.activity.GoodsListFilterActivity: 13 starts, 250-500ms=4, 500-750ms=6, 750-1000ms=1, 2000-3000ms=1
    com.jiuai.activity.FansOrFollowListActivity: 8 starts, 250-500ms=4
    com.jiuai.activity.OrderDetailsActivity: 49 starts, 0-250ms=34, 250-500ms=3, 500-750ms=1
    com.jiuai.activity.DrawCashActivity: 3 starts, 250-500ms=2
    com.jiuai.activity.ChoiceBrandActivity: 8 starts, 0-250ms=1, 250-500ms=7
    com.jiuai.activity.GoodsFirstClassificationActivity: 3 starts, 0-250ms=1, 250-500ms=2
    com.jiuai.activity.NetSplashActivity: 15 starts, 0-250ms=4, 250-500ms=5
    com.jiuai.activity.ViewLogisticsActivity: 1 starts, 250-500ms=1
    com.jiuai.activity.SplashActivity: 15 starts, 250-500ms=1, 750-1000ms=1, 1000-1500ms=6, 1500-2000ms=2, 2000-3000ms=1, 3000-4000ms=1, 4000-5000ms=3
    com.jiuai.activity.AttributeSpecActivity: 1 starts, 250-500ms=1
    com.jiuai.activity.GoodsDetailActivity: 50 starts, 250-500ms=28, 500-750ms=7
    com.jiuai.activity.GoodsReleaseCategory: 1 starts, 0-250ms=1
    com.jiuai.activity.MyWalletActivity: 3 starts, 0-250ms=1, 250-500ms=1
    com.jiuai.activity.MainActivity: 82 starts, 500-750ms=1, 750-1000ms=3, 1000-1500ms=4, 2000-3000ms=1
    com.jiuai.activity.AddContactsFriendActivity: 1 starts, 1500-2000ms=1
    com.jiuai.activity.AuthenticationActivity: 7 starts, 250-500ms=2
    com.jiuai.activity.SettingActivity: 5 starts, 0-250ms=3, 250-500ms=1, >=5000ms=1
    com.jiuai.activity.PrivateChatActivity: 1 starts, 0-250ms=1
    com.jiuai.activity.PersonalProfileActivity: 6 starts, 250-500ms=3
    com.jiuai.activity.MySoldActivity: 4 starts, 250-500ms=1
    com.jiuai.activity.MyPublishedActivity: 18 starts, 250-500ms=2, 500-750ms=5, 750-1000ms=2, >=5000ms=1
    com.jiuai.activity.GoodsMessageActivity: 7 starts, 250-500ms=2
    com.jiuai.activity.LoginActivity: 7 starts, 0-250ms=3, 250-500ms=3, 1500-2000ms=1
    com.jiuai.activity.PersonalHomepageActivity: 19 starts, 250-500ms=8, 500-750ms=5
    com.jiuai.activity.VideoPlayActivity: 1 starts, 250-500ms=1
    com.jiuai.activity.MyLikeGoodsActivity: 2 starts, 0-250ms=1
    com.jiuai.activity.GoodsSearchActivity: 4 starts, 0-250ms=2, 250-500ms=2
    com.jiuai.activity.BindPhoneThreeActivity: 1 starts, 0-250ms=1
    com.jiuai.activity.GuidePageActivity: 2 starts, 0-250ms=1, 250-500ms=1
    com.jiuai.activity.PrivateChatListActivity: 5 starts, 0-250ms=2
    com.jiuai.activity.EditAlipayAccountActivity: 2 starts, 0-250ms=2
    com.jiuai.activity.GoodsReleaseActivity: 14 starts, 250-500ms=3, 1000-1500ms=3
    com.jiuai.activity.HtmlActivity: 3 starts, 500-750ms=1
    com.jiuai.activity.GoodsListFilterActivity: 2 starts, 250-500ms=1
    com.jiuai.activity.FansOrFollowListActivity: 6 starts, 250-500ms=4
    com.jiuai.activity.AddFriendActivity: 5 starts, 250-500ms=3
    com.jiuai.activity.OrderDetailsActivity: 1 starts, 0-250ms=1
    com.jiuai.activity.DrawCashActivity: 4 starts, 250-500ms=2
    com.jiuai.activity.ChoiceBrandActivity: 3 starts, 0-250ms=1, 250-500ms=1
    com.jiuai.activity.NetSplashActivity: 10 starts, 0-250ms=1, 250-500ms=1
    com.jiuai.activity.SplashActivity: 13 starts, 0-250ms=3, 250-500ms=3, 1000-1500ms=1, 2000-3000ms=2, >=5000ms=1
    com.jiuai.activity.SystemMessageListActivity: 1 starts, 250-500ms=1
    com.jiuai.activity.AttributeSpecActivity: 4 starts, 0-250ms=3, 250-500ms=1
    com.jiuai.activity.GoodsDetailActivity: 79 starts, 250-500ms=48, 500-750ms=15, 750-1000ms=3, 3000-4000ms=1
    com.jiuai.activity.OrderMessageListActivity: 1 starts, 250-500ms=1
    com.jiuai.activity.GoodsReleaseCategory: 2 starts, 0-250ms=2
    com.jiuai.activity.AddOrEditAddressActivity: 5 starts, 0-250ms=5
    com.jiuai.activity.MyWalletActivity: 5 starts, 0-250ms=1, 250-500ms=1
    com.jiuai.activity.MainActivity: 92 starts, 500-750ms=4, 750-1000ms=17
    com.jiuai.activity.GoodsListActivity: 6 starts, 250-500ms=2, 500-750ms=4
    com.jiuai.activity.AddContactsFriendActivity: 1 starts, 250-500ms=1
    com.jiuai.activity.SettingActivity: 5 starts, 0-250ms=3, 250-500ms=2
    com.jiuai.activity.ReceiptAddressActivity: 5 starts, 0-250ms=1, 250-500ms=1
    com.jiuai.activity.FindPasswordOneActivity: 1 starts, 0-250ms=1
    com.jiuai.activity.PersonalProfileActivity: 7 starts, 250-500ms=5
    com.jiuai.activity.ManageAddressActivity: 10 starts, 0-250ms=5
    com.jiuai.activity.MyPublishedActivity: 8 starts, 250-500ms=1, 500-750ms=4, 750-1000ms=1
    com.jiuai.activity.LoginActivity: 15 starts, 0-250ms=13, 250-500ms=2
    com.jiuai.activity.PersonalHomepageActivity: 68 starts, 250-500ms=5, 500-750ms=24
    com.jiuai.activity.MyLikeGoodsActivity: 1 starts, 250-500ms=1
    com.jiuai.activity.GoodsSearchActivity: 13 starts, 0-250ms=1, 250-500ms=4
    com.jiuai.activity.CouponListActivity: 1 starts, 250-500ms=1
    com.jiuai.activity.GuidePageActivity: 24 starts, 0-250ms=4, 250-500ms=20
    com.jiuai.activity.PrivateChatListActivity: 2 starts, 0-250ms=1
    com.jiuai.activity.GoodsReleaseActivity: 14 starts, 500-750ms=3, 750-1000ms=2
    com.jiuai.activity.ConfirmOrderActivity: 6 starts, 250-500ms=4
    com.jiuai.activity.HtmlActivity: 1 starts
    com.jiuai.activity.GoodsListFilterActivity: 18 starts, 250-500ms=5, 1000-1500ms=4, 1500-2000ms=5, 2000-3000ms=1
    com.jiuai.activity.FansOrFollowListActivity: 16 starts, 250-500ms=9
    com.jiuai.activity.DrawCashRecordActivity: 1 starts, 250-500ms=1
    com.jiuai.activity.AddFriendActivity: 1 starts, 250-500ms=1
    com.jiuai.activity.OrderDetailsActivity: 3 starts, 0-250ms=3
    com.jiuai.activity.DrawCashActivity: 2 starts, 0-250ms=1, 250-500ms=1
    com.jiuai.activity.ChoiceBrandActivity: 1 starts, 250-500ms=1
    com.jiuai.activity.NetSplashActivity: 21 starts
    com.jiuai.activity.SplashActivity: 27 starts, 0-250ms=2, 250-500ms=1, 1000-1500ms=8, >=5000ms=16
